"Severity","ThreadID","Date","Time","Application","Message"
"ERROR","Thread-67654","09/16/2022","13:25:50","controller","stop request (4) because run into a timeout. ATM we have 2 active request(s) and 0 active cfthreads path: C:\lucee\webapps\Test\index.cfm.;java.lang.Throwable;java.lang.Throwable
	at java.io.FileOutputStream.writeBytes(Native Method)
	at java.io.FileOutputStream.write(FileOutputStream.java:326)
	at java.io.BufferedOutputStream.write(BufferedOutputStream.java:122)
	at java.io.PrintStream.write(PrintStream.java:480)
	at sun.nio.cs.StreamEncoder.writeBytes(StreamEncoder.java:221)
	at sun.nio.cs.StreamEncoder.implFlushBuffer(StreamEncoder.java:291)
	at sun.nio.cs.StreamEncoder.flushBuffer(StreamEncoder.java:104)
	at java.io.OutputStreamWriter.flushBuffer(OutputStreamWriter.java:185)
	at java.io.PrintStream.write(PrintStream.java:527)
	at java.io.PrintStream.print(PrintStream.java:669)
	at java.io.PrintStream.println(PrintStream.java:806)
	at org.apache.tomcat.util.log.SystemLogHandler.println(SystemLogHandler.java:267)
	at org.lucee.extension.pdf.util.PDFUtil.extractText(PDFUtil.java:358)
	at org.lucee.extension.pdf.tag.PDF.doActionExtractText(PDF.java:1412)
	at org.lucee.extension.pdf.tag.PDF.doEndTag(PDF.java:695)
	at index_cfm$cf$23.call(/index.cfm:1)
	at lucee.runtime.PageContextImpl._doInclude(PageContextImpl.java:1046)
	at lucee.runtime.PageContextImpl._doInclude(PageContextImpl.java:938)
	at lucee.runtime.listener.ClassicAppListener._onRequest(ClassicAppListener.java:65)
	at lucee.runtime.listener.MixedAppListener.onRequest(MixedAppListener.java:45)
	at lucee.runtime.PageContextImpl.execute(PageContextImpl.java:2482)
	at lucee.runtime.PageContextImpl._execute(PageContextImpl.java:2468)
	at lucee.runtime.PageContextImpl.executeCFML(PageContextImpl.java:2439)
	at lucee.runtime.engine.Request.exe(Request.java:45)
	at lucee.runtime.engine.CFMLEngineImpl._service(CFMLEngineImpl.java:1198)
	at lucee.runtime.engine.CFMLEngineImpl.serviceCFML(CFMLEngineImpl.java:1144)
	at lucee.loader.engine.CFMLEngineWrapper.serviceCFML(CFMLEngineWrapper.java:97)
	at lucee.loader.servlet.CFMLServlet.service(CFMLServlet.java:51)
..."
"ERROR","Thread-67656","09/16/2022","13:25:53","thread","failed to stop thread.
;java.lang.Throwable;java.lang.Throwable
	at java.io.FileOutputStream.writeBytes(Native Method)
	at java.io.FileOutputStream.write(FileOutputStream.java:326)
	at java.io.BufferedOutputStream.write(BufferedOutputStream.java:122)
	at java.io.PrintStream.write(PrintStream.java:480)
	at sun.nio.cs.StreamEncoder.writeBytes(StreamEncoder.java:221)
	at sun.nio.cs.StreamEncoder.implFlushBuffer(StreamEncoder.java:291)
	at sun.nio.cs.StreamEncoder.flushBuffer(StreamEncoder.java:104)
	at java.io.OutputStreamWriter.flushBuffer(OutputStreamWriter.java:185)
	at java.io.PrintStream.write(PrintStream.java:527)
	at java.io.PrintStream.print(PrintStream.java:669)
	at java.io.PrintStream.println(PrintStream.java:806)
	at org.apache.tomcat.util.log.SystemLogHandler.println(SystemLogHandler.java:267)
	at org.lucee.extension.pdf.util.PDFUtil.extractText(PDFUtil.java:358)
	at org.lucee.extension.pdf.tag.PDF.doActionExtractText(PDF.java:1412)
	at org.lucee.extension.pdf.tag.PDF.doEndTag(PDF.java:695)
	at index_cfm$cf$23.call(/index.cfm:1)
	at lucee.runtime.PageContextImpl._doInclude(PageContextImpl.java:1046)
	at lucee.runtime.PageContextImpl._doInclude(PageContextImpl.java:938)
	at lucee.runtime.listener.ClassicAppListener._onRequest(ClassicAppListener.java:65)
	at lucee.runtime.listener.MixedAppListener.onRequest(MixedAppListener.java:45)
	at lucee.runtime.PageContextImpl.execute(PageContextImpl.java:2482)
	at lucee.runtime.PageContextImpl._execute(PageContextImpl.java:2468)
	at lucee.runtime.PageContextImpl.executeCFML(PageContextImpl.java:2439)
	at lucee.runtime.engine.Request.exe(Request.java:45)
	at lucee.runtime.engine.CFMLEngineImpl._service(CFMLEngineImpl.java:1198)
	at lucee.runtime.engine.CFMLEngineImpl.serviceCFML(CFMLEngineImpl.java:1144)
	at lucee.loader.engine.CFMLEngineWrapper.serviceCFML(CFMLEngineWrapper.java:97)
	at lucee.loader.servlet.CFMLServlet.service(CFMLServlet.java:51)
..."
"ERROR","Thread-67658","09/16/2022","13:26:00","controller","stop request (3) because run into a timeout. ATM we have 1 active request(s) and 0 active cfthreads path: C:\lucee\webapps\Test\index.cfm.The thread is possibly blocked by the following thread:
	at java.io.FileOutputStream.writeBytes(Native Method)
	at java.io.FileOutputStream.write(FileOutputStream.java:326)
	at java.io.BufferedOutputStream.write(BufferedOutputStream.java:122)
	at java.io.PrintStream.write(PrintStream.java:480)
	at sun.nio.cs.StreamEncoder.writeBytes(StreamEncoder.java:221)
	at sun.nio.cs.StreamEncoder.implFlushBuffer(StreamEncoder.java:291)
	at sun.nio.cs.StreamEncoder.flushBuffer(StreamEncoder.java:104)
	at java.io.OutputStreamWriter.flushBuffer(OutputStreamWriter.java:185)
	at java.io.PrintStream.write(PrintStream.java:527)
	at java.io.PrintStream.print(PrintStream.java:669)
	at java.io.PrintStream.println(PrintStream.java:806)
	at org.apache.tomcat.util.log.SystemLogHandler.println(SystemLogHandler.java:267)
	at org.lucee.extension.pdf.util.PDFUtil.extractText(PDFUtil.java:358)
	at org.lucee.extension.pdf.tag.PDF.doActionExtractText(PDF.java:1412)
	at org.lucee.extension.pdf.tag.PDF.doEndTag(PDF.java:695)
	at index_cfm$cf$23.call(/index.cfm:1)
	at lucee.runtime.PageContextImpl._doInclude(PageContextImpl.java:1046)
	at lucee.runtime.PageContextImpl._doInclude(PageContextImpl.java:938)
	at lucee.runtime.listener.ClassicAppListener._onRequest(ClassicAppListener.java:65)
	at lucee.runtime.listener.MixedAppListener.onRequest(MixedAppListener.java:45)
	at lucee.runtime.PageContextImpl.execute(PageContextImpl.java:2482)
	at lucee.runtime.PageContextImpl._execute(PageContextImpl.java:2468)
	at lucee.runtime.PageContextImpl.executeCFML(PageContextImpl.java:2439)
	at lucee.runtime.engine.Request.exe(Request.java:45)
	at lucee.runtime.engine.CFMLEngineImpl._service(CFMLEngineImpl.java:1198)
	at lucee.runtime.engine.CFMLEngineImpl.serviceCFML(CFMLEngineImpl.java:1144)
	at lucee.loader.engine.CFMLEngineWrapper.serviceCFML(CFMLEngineWrapper.java:97)
	at lucee.loader.servlet.CFMLServlet.service(CFMLServlet.java:51)
	at javax.servlet.http.HttpServlet.service(HttpServlet.java:741)
	at org.apache.catalina.core.ApplicationFilterChain.internalDoFilter(ApplicationFilterChain.java:231)
	at org.apache.catalina.core.ApplicationFilterChain.doFilter(ApplicationFilterChain.java:166)
	at org.apache.tomcat.websocket.server.WsFilter.doFilter(WsFilter.java:53)
	at org.apache.catalina.core.ApplicationFilterChain.internalDoFilter(ApplicationFilterChain.java:193)
	at org.apache.catalina.core.ApplicationFilterChain.doFilter(ApplicationFilterChain.java:166)
	at org.apache.catalina.core.StandardWrapperValve.invoke(StandardWrapperValve.java:199)
	at org.apache.catalina.core.StandardContextValve.invoke(StandardContextValve.java:96)
	at org.apache.catalina.authenticator.AuthenticatorBase.invoke(AuthenticatorBase.java:490)
	at org.apache.catalina.core.StandardHostValve.invoke(StandardHostValve.java:139)
	at org.apache.catalina.valves.ErrorReportValve.invoke(ErrorReportValve.java:92)
	at org.apache.catalina.valves.AbstractAccessLogValve.invoke(AbstractAccessLogValve.java:668)
	at org.apache.catalina.core.StandardEngineValve.invoke(StandardEngineValve.java:74)
	at org.apache.catalina.connector.CoyoteAdapter.service(CoyoteAdapter.java:343)
	at org.apache.coyote.http11.Http11Processor.service(Http11Processor.java:408)
	at org.apache.coyote.AbstractProcessorLight.process(AbstractProcessorLight.java:66)
	at org.apache.coyote.AbstractProtocol$ConnectionHandler.process(AbstractProtocol.java:770)
	at org.apache.tomcat.util.net.NioEndpoint$SocketProcessor.doRun(NioEndpoint.java:1415)
	at org.apache.tomcat.util.net.SocketProcessorBase.run(SocketProcessorBase.java:49)
	at java.util.concurrent.ThreadPoolExecutor.runWorker(ThreadPoolExecutor.java:1149)
	at java.util.concurrent.ThreadPoolExecutor$Worker.run(ThreadPoolExecutor.java:624)
	at org.apache.tomcat.util.threads.TaskThread$WrappingRunnable.run(TaskThread.java:61)
	at java.lang.Thread.run(Thread.java:750)

;java.lang.Throwable;java.lang.Throwable
	at java.io.PrintStream.println(PrintStream.java:805)
	at org.apache.tomcat.util.log.SystemLogHandler.println(SystemLogHandler.java:267)
	at org.lucee.extension.pdf.util.PDFUtil.extractText(PDFUtil.java:358)
	at org.lucee.extension.pdf.tag.PDF.doActionExtractText(PDF.java:1412)
	at org.lucee.extension.pdf.tag.PDF.doEndTag(PDF.java:695)
	at index_cfm$cf$23.call(/index.cfm:1)
	at lucee.runtime.PageContextImpl._doInclude(PageContextImpl.java:1046)
	at lucee.runtime.PageContextImpl._doInclude(PageContextImpl.java:938)
	at lucee.runtime.listener.ClassicAppListener._onRequest(ClassicAppListener.java:65)
	at lucee.runtime.listener.MixedAppListener.onRequest(MixedAppListener.java:45)
	at lucee.runtime.PageContextImpl.execute(PageContextImpl.java:2482)
	at lucee.runtime.PageContextImpl._execute(PageContextImpl.java:2468)
	at lucee.runtime.PageContextImpl.executeCFML(PageContextImpl.java:2439)
	at lucee.runtime.engine.Request.exe(Request.java:45)
	at lucee.runtime.engine.CFMLEngineImpl._service(CFMLEngineImpl.java:1198)
	at lucee.runtime.engine.CFMLEngineImpl.serviceCFML(CFMLEngineImpl.java:1144)
	at lucee.loader.engine.CFMLEngineWrapper.serviceCFML(CFMLEngineWrapper.java:97)
	at lucee.loader.servlet.CFMLServlet.service(CFMLServlet.java:51)
..."
"ERROR","Thread-67659","09/16/2022","13:26:03","thread","failed to stop thread.
;java.lang.Throwable;java.lang.Throwable
	at java.io.PrintStream.println(PrintStream.java:805)
	at org.apache.tomcat.util.log.SystemLogHandler.println(SystemLogHandler.java:267)
	at org.lucee.extension.pdf.util.PDFUtil.extractText(PDFUtil.java:358)
	at org.lucee.extension.pdf.tag.PDF.doActionExtractText(PDF.java:1412)
	at org.lucee.extension.pdf.tag.PDF.doEndTag(PDF.java:695)
	at index_cfm$cf$23.call(/index.cfm:1)
	at lucee.runtime.PageContextImpl._doInclude(PageContextImpl.java:1046)
	at lucee.runtime.PageContextImpl._doInclude(PageContextImpl.java:938)
	at lucee.runtime.listener.ClassicAppListener._onRequest(ClassicAppListener.java:65)
	at lucee.runtime.listener.MixedAppListener.onRequest(MixedAppListener.java:45)
	at lucee.runtime.PageContextImpl.execute(PageContextImpl.java:2482)
	at lucee.runtime.PageContextImpl._execute(PageContextImpl.java:2468)
	at lucee.runtime.PageContextImpl.executeCFML(PageContextImpl.java:2439)
	at lucee.runtime.engine.Request.exe(Request.java:45)
	at lucee.runtime.engine.CFMLEngineImpl._service(CFMLEngineImpl.java:1198)
	at lucee.runtime.engine.CFMLEngineImpl.serviceCFML(CFMLEngineImpl.java:1144)
	at lucee.loader.engine.CFMLEngineWrapper.serviceCFML(CFMLEngineWrapper.java:97)
	at lucee.loader.servlet.CFMLServlet.service(CFMLServlet.java:51)
..."
"ERROR","Thread-68919","09/16/2022","15:11:08","controller","stop request (5) because run into a timeout. ATM we have 1 active request(s) and 0 active cfthreads path: C:\lucee\webapps\Test\index.cfm.The thread is possibly blocked by the following thread:
	at java.io.FileOutputStream.writeBytes(Native Method)
	at java.io.FileOutputStream.write(FileOutputStream.java:326)
	at java.io.BufferedOutputStream.write(BufferedOutputStream.java:122)
	at java.io.PrintStream.write(PrintStream.java:480)
	at sun.nio.cs.StreamEncoder.writeBytes(StreamEncoder.java:221)
	at sun.nio.cs.StreamEncoder.implFlushBuffer(StreamEncoder.java:291)
	at sun.nio.cs.StreamEncoder.flushBuffer(StreamEncoder.java:104)
	at java.io.OutputStreamWriter.flushBuffer(OutputStreamWriter.java:185)
	at java.io.PrintStream.write(PrintStream.java:527)
	at java.io.PrintStream.print(PrintStream.java:669)
	at java.io.PrintStream.println(PrintStream.java:806)
	at org.apache.tomcat.util.log.SystemLogHandler.println(SystemLogHandler.java:267)
	at org.lucee.extension.pdf.util.PDFUtil.extractText(PDFUtil.java:358)
	at org.lucee.extension.pdf.tag.PDF.doActionExtractText(PDF.java:1412)
	at org.lucee.extension.pdf.tag.PDF.doEndTag(PDF.java:695)
	at index_cfm$cf$23.call(/index.cfm:1)
	at lucee.runtime.PageContextImpl._doInclude(PageContextImpl.java:1046)
	at lucee.runtime.PageContextImpl._doInclude(PageContextImpl.java:938)
	at lucee.runtime.listener.ClassicAppListener._onRequest(ClassicAppListener.java:65)
	at lucee.runtime.listener.MixedAppListener.onRequest(MixedAppListener.java:45)
	at lucee.runtime.PageContextImpl.execute(PageContextImpl.java:2482)
	at lucee.runtime.PageContextImpl._execute(PageContextImpl.java:2468)
	at lucee.runtime.PageContextImpl.executeCFML(PageContextImpl.java:2439)
	at lucee.runtime.engine.Request.exe(Request.java:45)
	at lucee.runtime.engine.CFMLEngineImpl._service(CFMLEngineImpl.java:1198)
	at lucee.runtime.engine.CFMLEngineImpl.serviceCFML(CFMLEngineImpl.java:1144)
	at lucee.loader.engine.CFMLEngineWrapper.serviceCFML(CFMLEngineWrapper.java:97)
	at lucee.loader.servlet.CFMLServlet.service(CFMLServlet.java:51)
	at javax.servlet.http.HttpServlet.service(HttpServlet.java:741)
	at org.apache.catalina.core.ApplicationFilterChain.internalDoFilter(ApplicationFilterChain.java:231)
	at org.apache.catalina.core.ApplicationFilterChain.doFilter(ApplicationFilterChain.java:166)
	at org.apache.tomcat.websocket.server.WsFilter.doFilter(WsFilter.java:53)
	at org.apache.catalina.core.ApplicationFilterChain.internalDoFilter(ApplicationFilterChain.java:193)
	at org.apache.catalina.core.ApplicationFilterChain.doFilter(ApplicationFilterChain.java:166)
	at org.apache.catalina.core.StandardWrapperValve.invoke(StandardWrapperValve.java:199)
	at org.apache.catalina.core.StandardContextValve.invoke(StandardContextValve.java:96)
	at org.apache.catalina.authenticator.AuthenticatorBase.invoke(AuthenticatorBase.java:490)
	at org.apache.catalina.core.StandardHostValve.invoke(StandardHostValve.java:139)
	at org.apache.catalina.valves.ErrorReportValve.invoke(ErrorReportValve.java:92)
	at org.apache.catalina.valves.AbstractAccessLogValve.invoke(AbstractAccessLogValve.java:668)
	at org.apache.catalina.core.StandardEngineValve.invoke(StandardEngineValve.java:74)
	at org.apache.catalina.connector.CoyoteAdapter.service(CoyoteAdapter.java:343)
	at org.apache.coyote.http11.Http11Processor.service(Http11Processor.java:408)
	at org.apache.coyote.AbstractProcessorLight.process(AbstractProcessorLight.java:66)
	at org.apache.coyote.AbstractProtocol$ConnectionHandler.process(AbstractProtocol.java:770)
	at org.apache.tomcat.util.net.NioEndpoint$SocketProcessor.doRun(NioEndpoint.java:1415)
	at org.apache.tomcat.util.net.SocketProcessorBase.run(SocketProcessorBase.java:49)
	at java.util.concurrent.ThreadPoolExecutor.runWorker(ThreadPoolExecutor.java:1149)
	at java.util.concurrent.ThreadPoolExecutor$Worker.run(ThreadPoolExecutor.java:624)
	at org.apache.tomcat.util.threads.TaskThread$WrappingRunnable.run(TaskThread.java:61)
	at java.lang.Thread.run(Thread.java:750)

;java.lang.Throwable;java.lang.Throwable
	at java.io.PrintStream.println(PrintStream.java:805)
	at org.apache.tomcat.util.log.SystemLogHandler.println(SystemLogHandler.java:267)
	at org.lucee.extension.pdf.util.PDFUtil.extractText(PDFUtil.java:358)
	at org.lucee.extension.pdf.tag.PDF.doActionExtractText(PDF.java:1412)
	at org.lucee.extension.pdf.tag.PDF.doEndTag(PDF.java:695)
	at index_cfm$cf$23.call(/index.cfm:1)
	at lucee.runtime.PageContextImpl._doInclude(PageContextImpl.java:1046)
	at lucee.runtime.PageContextImpl._doInclude(PageContextImpl.java:938)
	at lucee.runtime.listener.ClassicAppListener._onRequest(ClassicAppListener.java:65)
	at lucee.runtime.listener.MixedAppListener.onRequest(MixedAppListener.java:45)
	at lucee.runtime.PageContextImpl.execute(PageContextImpl.java:2482)
	at lucee.runtime.PageContextImpl._execute(PageContextImpl.java:2468)
	at lucee.runtime.PageContextImpl.executeCFML(PageContextImpl.java:2439)
	at lucee.runtime.engine.Request.exe(Request.java:45)
	at lucee.runtime.engine.CFMLEngineImpl._service(CFMLEngineImpl.java:1198)
	at lucee.runtime.engine.CFMLEngineImpl.serviceCFML(CFMLEngineImpl.java:1144)
	at lucee.loader.engine.CFMLEngineWrapper.serviceCFML(CFMLEngineWrapper.java:97)
	at lucee.loader.servlet.CFMLServlet.service(CFMLServlet.java:51)
..."
"ERROR","Thread-68921","09/16/2022","15:11:11","thread","failed to stop thread.
;java.lang.Throwable;java.lang.Throwable
	at java.io.PrintStream.println(PrintStream.java:805)
	at org.apache.tomcat.util.log.SystemLogHandler.println(SystemLogHandler.java:267)
	at org.lucee.extension.pdf.util.PDFUtil.extractText(PDFUtil.java:358)
	at org.lucee.extension.pdf.tag.PDF.doActionExtractText(PDF.java:1412)
	at org.lucee.extension.pdf.tag.PDF.doEndTag(PDF.java:695)
	at index_cfm$cf$23.call(/index.cfm:1)
	at lucee.runtime.PageContextImpl._doInclude(PageContextImpl.java:1046)
	at lucee.runtime.PageContextImpl._doInclude(PageContextImpl.java:938)
	at lucee.runtime.listener.ClassicAppListener._onRequest(ClassicAppListener.java:65)
	at lucee.runtime.listener.MixedAppListener.onRequest(MixedAppListener.java:45)
	at lucee.runtime.PageContextImpl.execute(PageContextImpl.java:2482)
	at lucee.runtime.PageContextImpl._execute(PageContextImpl.java:2468)
	at lucee.runtime.PageContextImpl.executeCFML(PageContextImpl.java:2439)
	at lucee.runtime.engine.Request.exe(Request.java:45)
	at lucee.runtime.engine.CFMLEngineImpl._service(CFMLEngineImpl.java:1198)
	at lucee.runtime.engine.CFMLEngineImpl.serviceCFML(CFMLEngineImpl.java:1144)
	at lucee.loader.engine.CFMLEngineWrapper.serviceCFML(CFMLEngineWrapper.java:97)
	at lucee.loader.servlet.CFMLServlet.service(CFMLServlet.java:51)
..."
"ERROR","Thread-68958","09/16/2022","15:14:03","controller","stop request (6) because run into a timeout. ATM we have 1 active request(s) and 0 active cfthreads path: C:\lucee\webapps\Test\index.cfm.The thread is possibly blocked by the following thread:
	at java.io.FileOutputStream.writeBytes(Native Method)
	at java.io.FileOutputStream.write(FileOutputStream.java:326)
	at java.io.BufferedOutputStream.write(BufferedOutputStream.java:122)
	at java.io.PrintStream.write(PrintStream.java:480)
	at sun.nio.cs.StreamEncoder.writeBytes(StreamEncoder.java:221)
	at sun.nio.cs.StreamEncoder.implFlushBuffer(StreamEncoder.java:291)
	at sun.nio.cs.StreamEncoder.flushBuffer(StreamEncoder.java:104)
	at java.io.OutputStreamWriter.flushBuffer(OutputStreamWriter.java:185)
	at java.io.PrintStream.write(PrintStream.java:527)
	at java.io.PrintStream.print(PrintStream.java:669)
	at java.io.PrintStream.println(PrintStream.java:806)
	at org.apache.tomcat.util.log.SystemLogHandler.println(SystemLogHandler.java:267)
	at org.lucee.extension.pdf.util.PDFUtil.extractText(PDFUtil.java:358)
	at org.lucee.extension.pdf.tag.PDF.doActionExtractText(PDF.java:1412)
	at org.lucee.extension.pdf.tag.PDF.doEndTag(PDF.java:695)
	at index_cfm$cf$23.call(/index.cfm:1)
	at lucee.runtime.PageContextImpl._doInclude(PageContextImpl.java:1046)
	at lucee.runtime.PageContextImpl._doInclude(PageContextImpl.java:938)
	at lucee.runtime.listener.ClassicAppListener._onRequest(ClassicAppListener.java:65)
	at lucee.runtime.listener.MixedAppListener.onRequest(MixedAppListener.java:45)
	at lucee.runtime.PageContextImpl.execute(PageContextImpl.java:2482)
	at lucee.runtime.PageContextImpl._execute(PageContextImpl.java:2468)
	at lucee.runtime.PageContextImpl.executeCFML(PageContextImpl.java:2439)
	at lucee.runtime.engine.Request.exe(Request.java:45)
	at lucee.runtime.engine.CFMLEngineImpl._service(CFMLEngineImpl.java:1198)
	at lucee.runtime.engine.CFMLEngineImpl.serviceCFML(CFMLEngineImpl.java:1144)
	at lucee.loader.engine.CFMLEngineWrapper.serviceCFML(CFMLEngineWrapper.java:97)
	at lucee.loader.servlet.CFMLServlet.service(CFMLServlet.java:51)
	at javax.servlet.http.HttpServlet.service(HttpServlet.java:741)
	at org.apache.catalina.core.ApplicationFilterChain.internalDoFilter(ApplicationFilterChain.java:231)
	at org.apache.catalina.core.ApplicationFilterChain.doFilter(ApplicationFilterChain.java:166)
	at org.apache.tomcat.websocket.server.WsFilter.doFilter(WsFilter.java:53)
	at org.apache.catalina.core.ApplicationFilterChain.internalDoFilter(ApplicationFilterChain.java:193)
	at org.apache.catalina.core.ApplicationFilterChain.doFilter(ApplicationFilterChain.java:166)
	at org.apache.catalina.core.StandardWrapperValve.invoke(StandardWrapperValve.java:199)
	at org.apache.catalina.core.StandardContextValve.invoke(StandardContextValve.java:96)
	at org.apache.catalina.authenticator.AuthenticatorBase.invoke(AuthenticatorBase.java:490)
	at org.apache.catalina.core.StandardHostValve.invoke(StandardHostValve.java:139)
	at org.apache.catalina.valves.ErrorReportValve.invoke(ErrorReportValve.java:92)
	at org.apache.catalina.valves.AbstractAccessLogValve.invoke(AbstractAccessLogValve.java:668)
	at org.apache.catalina.core.StandardEngineValve.invoke(StandardEngineValve.java:74)
	at org.apache.catalina.connector.CoyoteAdapter.service(CoyoteAdapter.java:343)
	at org.apache.coyote.http11.Http11Processor.service(Http11Processor.java:408)
	at org.apache.coyote.AbstractProcessorLight.process(AbstractProcessorLight.java:66)
	at org.apache.coyote.AbstractProtocol$ConnectionHandler.process(AbstractProtocol.java:770)
	at org.apache.tomcat.util.net.NioEndpoint$SocketProcessor.doRun(NioEndpoint.java:1415)
	at org.apache.tomcat.util.net.SocketProcessorBase.run(SocketProcessorBase.java:49)
	at java.util.concurrent.ThreadPoolExecutor.runWorker(ThreadPoolExecutor.java:1149)
	at java.util.concurrent.ThreadPoolExecutor$Worker.run(ThreadPoolExecutor.java:624)
	at org.apache.tomcat.util.threads.TaskThread$WrappingRunnable.run(TaskThread.java:61)
	at java.lang.Thread.run(Thread.java:750)

;java.lang.Throwable;java.lang.Throwable
	at java.io.PrintStream.println(PrintStream.java:805)
	at org.apache.tomcat.util.log.SystemLogHandler.println(SystemLogHandler.java:267)
	at org.lucee.extension.pdf.util.PDFUtil.extractText(PDFUtil.java:358)
	at org.lucee.extension.pdf.tag.PDF.doActionExtractText(PDF.java:1412)
	at org.lucee.extension.pdf.tag.PDF.doEndTag(PDF.java:695)
	at index_cfm$cf$23.call(/index.cfm:1)
	at lucee.runtime.PageContextImpl._doInclude(PageContextImpl.java:1046)
	at lucee.runtime.PageContextImpl._doInclude(PageContextImpl.java:938)
	at lucee.runtime.listener.ClassicAppListener._onRequest(ClassicAppListener.java:65)
	at lucee.runtime.listener.MixedAppListener.onRequest(MixedAppListener.java:45)
	at lucee.runtime.PageContextImpl.execute(PageContextImpl.java:2482)
	at lucee.runtime.PageContextImpl._execute(PageContextImpl.java:2468)
	at lucee.runtime.PageContextImpl.executeCFML(PageContextImpl.java:2439)
	at lucee.runtime.engine.Request.exe(Request.java:45)
	at lucee.runtime.engine.CFMLEngineImpl._service(CFMLEngineImpl.java:1198)
	at lucee.runtime.engine.CFMLEngineImpl.serviceCFML(CFMLEngineImpl.java:1144)
	at lucee.loader.engine.CFMLEngineWrapper.serviceCFML(CFMLEngineWrapper.java:97)
	at lucee.loader.servlet.CFMLServlet.service(CFMLServlet.java:51)
..."
"ERROR","Thread-68960","09/16/2022","15:14:06","thread","failed to stop thread.
;java.lang.Throwable;java.lang.Throwable
	at java.io.PrintStream.println(PrintStream.java:805)
	at org.apache.tomcat.util.log.SystemLogHandler.println(SystemLogHandler.java:267)
	at org.lucee.extension.pdf.util.PDFUtil.extractText(PDFUtil.java:358)
	at org.lucee.extension.pdf.tag.PDF.doActionExtractText(PDF.java:1412)
	at org.lucee.extension.pdf.tag.PDF.doEndTag(PDF.java:695)
	at index_cfm$cf$23.call(/index.cfm:1)
	at lucee.runtime.PageContextImpl._doInclude(PageContextImpl.java:1046)
	at lucee.runtime.PageContextImpl._doInclude(PageContextImpl.java:938)
	at lucee.runtime.listener.ClassicAppListener._onRequest(ClassicAppListener.java:65)
	at lucee.runtime.listener.MixedAppListener.onRequest(MixedAppListener.java:45)
	at lucee.runtime.PageContextImpl.execute(PageContextImpl.java:2482)
	at lucee.runtime.PageContextImpl._execute(PageContextImpl.java:2468)
	at lucee.runtime.PageContextImpl.executeCFML(PageContextImpl.java:2439)
	at lucee.runtime.engine.Request.exe(Request.java:45)
	at lucee.runtime.engine.CFMLEngineImpl._service(CFMLEngineImpl.java:1198)
	at lucee.runtime.engine.CFMLEngineImpl.serviceCFML(CFMLEngineImpl.java:1144)
	at lucee.loader.engine.CFMLEngineWrapper.serviceCFML(CFMLEngineWrapper.java:97)
	at lucee.loader.servlet.CFMLServlet.service(CFMLServlet.java:51)
..."
"ERROR","Thread-68975","09/16/2022","15:15:13","controller","stop request (7) because run into a timeout. ATM we have 1 active request(s) and 0 active cfthreads path: C:\lucee\webapps\Test\index.cfm.The thread is possibly blocked by the following thread:
	at java.io.FileOutputStream.writeBytes(Native Method)
	at java.io.FileOutputStream.write(FileOutputStream.java:326)
	at java.io.BufferedOutputStream.write(BufferedOutputStream.java:122)
	at java.io.PrintStream.write(PrintStream.java:480)
	at sun.nio.cs.StreamEncoder.writeBytes(StreamEncoder.java:221)
	at sun.nio.cs.StreamEncoder.implFlushBuffer(StreamEncoder.java:291)
	at sun.nio.cs.StreamEncoder.flushBuffer(StreamEncoder.java:104)
	at java.io.OutputStreamWriter.flushBuffer(OutputStreamWriter.java:185)
	at java.io.PrintStream.write(PrintStream.java:527)
	at java.io.PrintStream.print(PrintStream.java:669)
	at java.io.PrintStream.println(PrintStream.java:806)
	at org.apache.tomcat.util.log.SystemLogHandler.println(SystemLogHandler.java:267)
	at org.lucee.extension.pdf.util.PDFUtil.extractText(PDFUtil.java:358)
	at org.lucee.extension.pdf.tag.PDF.doActionExtractText(PDF.java:1412)
	at org.lucee.extension.pdf.tag.PDF.doEndTag(PDF.java:695)
	at index_cfm$cf$23.call(/index.cfm:1)
	at lucee.runtime.PageContextImpl._doInclude(PageContextImpl.java:1046)
	at lucee.runtime.PageContextImpl._doInclude(PageContextImpl.java:938)
	at lucee.runtime.listener.ClassicAppListener._onRequest(ClassicAppListener.java:65)
	at lucee.runtime.listener.MixedAppListener.onRequest(MixedAppListener.java:45)
	at lucee.runtime.PageContextImpl.execute(PageContextImpl.java:2482)
	at lucee.runtime.PageContextImpl._execute(PageContextImpl.java:2468)
	at lucee.runtime.PageContextImpl.executeCFML(PageContextImpl.java:2439)
	at lucee.runtime.engine.Request.exe(Request.java:45)
	at lucee.runtime.engine.CFMLEngineImpl._service(CFMLEngineImpl.java:1198)
	at lucee.runtime.engine.CFMLEngineImpl.serviceCFML(CFMLEngineImpl.java:1144)
	at lucee.loader.engine.CFMLEngineWrapper.serviceCFML(CFMLEngineWrapper.java:97)
	at lucee.loader.servlet.CFMLServlet.service(CFMLServlet.java:51)
	at javax.servlet.http.HttpServlet.service(HttpServlet.java:741)
	at org.apache.catalina.core.ApplicationFilterChain.internalDoFilter(ApplicationFilterChain.java:231)
	at org.apache.catalina.core.ApplicationFilterChain.doFilter(ApplicationFilterChain.java:166)
	at org.apache.tomcat.websocket.server.WsFilter.doFilter(WsFilter.java:53)
	at org.apache.catalina.core.ApplicationFilterChain.internalDoFilter(ApplicationFilterChain.java:193)
	at org.apache.catalina.core.ApplicationFilterChain.doFilter(ApplicationFilterChain.java:166)
	at org.apache.catalina.core.StandardWrapperValve.invoke(StandardWrapperValve.java:199)
	at org.apache.catalina.core.StandardContextValve.invoke(StandardContextValve.java:96)
	at org.apache.catalina.authenticator.AuthenticatorBase.invoke(AuthenticatorBase.java:490)
	at org.apache.catalina.core.StandardHostValve.invoke(StandardHostValve.java:139)
	at org.apache.catalina.valves.ErrorReportValve.invoke(ErrorReportValve.java:92)
	at org.apache.catalina.valves.AbstractAccessLogValve.invoke(AbstractAccessLogValve.java:668)
	at org.apache.catalina.core.StandardEngineValve.invoke(StandardEngineValve.java:74)
	at org.apache.catalina.connector.CoyoteAdapter.service(CoyoteAdapter.java:343)
	at org.apache.coyote.http11.Http11Processor.service(Http11Processor.java:408)
	at org.apache.coyote.AbstractProcessorLight.process(AbstractProcessorLight.java:66)
	at org.apache.coyote.AbstractProtocol$ConnectionHandler.process(AbstractProtocol.java:770)
	at org.apache.tomcat.util.net.NioEndpoint$SocketProcessor.doRun(NioEndpoint.java:1415)
	at org.apache.tomcat.util.net.SocketProcessorBase.run(SocketProcessorBase.java:49)
	at java.util.concurrent.ThreadPoolExecutor.runWorker(ThreadPoolExecutor.java:1149)
	at java.util.concurrent.ThreadPoolExecutor$Worker.run(ThreadPoolExecutor.java:624)
	at org.apache.tomcat.util.threads.TaskThread$WrappingRunnable.run(TaskThread.java:61)
	at java.lang.Thread.run(Thread.java:750)

;java.lang.Throwable;java.lang.Throwable
	at java.io.PrintStream.println(PrintStream.java:805)
	at org.apache.tomcat.util.log.SystemLogHandler.println(SystemLogHandler.java:267)
	at org.lucee.extension.pdf.util.PDFUtil.extractText(PDFUtil.java:358)
	at org.lucee.extension.pdf.tag.PDF.doActionExtractText(PDF.java:1412)
	at org.lucee.extension.pdf.tag.PDF.doEndTag(PDF.java:695)
	at index_cfm$cf$23.call(/index.cfm:1)
	at lucee.runtime.PageContextImpl._doInclude(PageContextImpl.java:1046)
	at lucee.runtime.PageContextImpl._doInclude(PageContextImpl.java:938)
	at lucee.runtime.listener.ClassicAppListener._onRequest(ClassicAppListener.java:65)
	at lucee.runtime.listener.MixedAppListener.onRequest(MixedAppListener.java:45)
	at lucee.runtime.PageContextImpl.execute(PageContextImpl.java:2482)
	at lucee.runtime.PageContextImpl._execute(PageContextImpl.java:2468)
	at lucee.runtime.PageContextImpl.executeCFML(PageContextImpl.java:2439)
	at lucee.runtime.engine.Request.exe(Request.java:45)
	at lucee.runtime.engine.CFMLEngineImpl._service(CFMLEngineImpl.java:1198)
	at lucee.runtime.engine.CFMLEngineImpl.serviceCFML(CFMLEngineImpl.java:1144)
	at lucee.loader.engine.CFMLEngineWrapper.serviceCFML(CFMLEngineWrapper.java:97)
	at lucee.loader.servlet.CFMLServlet.service(CFMLServlet.java:51)
..."
"ERROR","Thread-68976","09/16/2022","15:15:16","thread","failed to stop thread.
;java.lang.Throwable;java.lang.Throwable
	at java.io.PrintStream.println(PrintStream.java:805)
	at org.apache.tomcat.util.log.SystemLogHandler.println(SystemLogHandler.java:267)
	at org.lucee.extension.pdf.util.PDFUtil.extractText(PDFUtil.java:358)
	at org.lucee.extension.pdf.tag.PDF.doActionExtractText(PDF.java:1412)
	at org.lucee.extension.pdf.tag.PDF.doEndTag(PDF.java:695)
	at index_cfm$cf$23.call(/index.cfm:1)
	at lucee.runtime.PageContextImpl._doInclude(PageContextImpl.java:1046)
	at lucee.runtime.PageContextImpl._doInclude(PageContextImpl.java:938)
	at lucee.runtime.listener.ClassicAppListener._onRequest(ClassicAppListener.java:65)
	at lucee.runtime.listener.MixedAppListener.onRequest(MixedAppListener.java:45)
	at lucee.runtime.PageContextImpl.execute(PageContextImpl.java:2482)
	at lucee.runtime.PageContextImpl._execute(PageContextImpl.java:2468)
	at lucee.runtime.PageContextImpl.executeCFML(PageContextImpl.java:2439)
	at lucee.runtime.engine.Request.exe(Request.java:45)
	at lucee.runtime.engine.CFMLEngineImpl._service(CFMLEngineImpl.java:1198)
	at lucee.runtime.engine.CFMLEngineImpl.serviceCFML(CFMLEngineImpl.java:1144)
	at lucee.loader.engine.CFMLEngineWrapper.serviceCFML(CFMLEngineWrapper.java:97)
	at lucee.loader.servlet.CFMLServlet.service(CFMLServlet.java:51)
..."
